#
# There is insufficient memory for the Java Runtime Environment to continue.
# Native memory allocation (mmap) failed to map 268435456 bytes for G1 virtual space
# Possible reasons:
#   The system is out of physical RAM or swap space
#   The process is running with CompressedOops enabled, and the Java Heap may be blocking the growth of the native heap
# Possible solutions:
#   Reduce memory load on the system
#   Increase physical memory or swap space
#   Check if swap backing store is full
#   Decrease Java heap size (-Xmx/-Xms)
#   Decrease number of Java threads
#   Decrease Java thread stack sizes (-Xss)
#   Set larger code cache with -XX:ReservedCodeCacheSize=
#   JVM is running with Zero Based Compressed Oops mode in which the Java heap is
#     placed in the first 32GB address space. The Java Heap base address is the
#     maximum limit for the native heap growth. Please use -XX:HeapBaseMinAddress
#     to set the Java Heap base and to place the Java Heap above 32GB virtual address.
# This output file may be truncated or incomplete.
#
#  Out of Memory Error (os_windows.cpp:3527), pid=21448, tid=19944
#
# JRE version:  (19.0.1+10) (build )
# Java VM: OpenJDK 64-Bit Server VM (19.0.1+10-21, mixed mode, sharing, tiered, compressed oops, compressed class ptrs, g1 gc, windows-amd64)
# No core dump will be written. Minidumps are not enabled by default on client versions of Windows
#

---------------  S U M M A R Y ------------

Command Line: -Dnet.bytebuddy.agent.attacher.dump= net.bytebuddy.agent.Attacher com.sun.tools.attach.VirtualMachine 12788 e:\Repository\mvn\net\bytebuddy\byte-buddy-agent\1.14.9\byte-buddy-agent-1.14.9.jar false 

Host: Intel(R) Core(TM) i7-6700K CPU @ 4.00GHz, 8 cores, 15G,  Windows 10 , 64 bit Build 19041 (10.0.19041.3636)
Time: Sun Dec 10 20:11:11 2023  Windows 10 , 64 bit Build 19041 (10.0.19041.3636) elapsed time: 0.010071 seconds (0d 0h 0m 0s)

---------------  T H R E A D  ---------------

Current thread (0x000002430407fc80):  JavaThread "Unknown thread" [_thread_in_vm, id=19944, stack(0x0000008e83800000,0x0000008e83900000)]

Stack: [0x0000008e83800000,0x0000008e83900000]
Native frames: (J=compiled Java code, j=interpreted, Vv=VM code, C=native code)
V  [jvm.dll+0x6ee8fa]
V  [jvm.dll+0x857a1e]
V  [jvm.dll+0x85940e]
V  [jvm.dll+0x859ac3]
V  [jvm.dll+0x28291f]
V  [jvm.dll+0x6eb6e9]
V  [jvm.dll+0x6e028a]
V  [jvm.dll+0x357136]
V  [jvm.dll+0x35eb96]
V  [jvm.dll+0x3b555e]
V  [jvm.dll+0x3b578f]
V  [jvm.dll+0x32c6ea]
V  [jvm.dll+0x32d59e]
V  [jvm.dll+0x821b20]
V  [jvm.dll+0x3c27c1]
V  [jvm.dll+0x8022f1]
V  [jvm.dll+0x44b30f]
V  [jvm.dll+0x44cc91]
C  [jli.dll+0x5287]
C  [ucrtbase.dll+0x21bb2]
C  [KERNEL32.DLL+0x17344]
C  [ntdll.dll+0x526b1]


---------------  P R O C E S S  ---------------

Threads class SMR info:
_java_thread_list=0x00007ffe5bdbd048, length=0, elements={
}

Java Threads: ( => current thread )

Other Threads:
  0x00000243040f3090 WorkerThread "GC Thread#0" [stack: 0x0000008e83900000,0x0000008e83a00000] [id=6352]
  0x0000024304105070 ConcurrentGCThread "G1 Main Marker" [stack: 0x0000008e83a00000,0x0000008e83b00000] [id=7408]
  0x0000024304106240 WorkerThread "G1 Conc#0" [stack: 0x0000008e83b00000,0x0000008e83c00000] [id=26216]

[error occurred during error reporting (printing all threads), id 0xc0000005, EXCEPTION_ACCESS_VIOLATION (0xc0000005) at pc=0x00007ffe5b57d127]

VM state: not at safepoint (not fully initialized)

VM Mutex/Monitor currently owned by a thread:  ([mutex/lock_event])
[0x000002430407a410] Heap_lock - owner thread: 0x000002430407fc80

Heap address: 0x0000000701200000, size: 4078 MB, Compressed Oops mode: Zero based, Oop shift amount: 3

CDS archive(s) mapped at: [0x0000000000000000-0x0000000000000000-0x0000000000000000), size 0, SharedBaseAddress: 0x0000000800000000, ArchiveRelocationMode: 0.
Narrow klass base: 0x0000000000000000, Narrow klass shift: 0, Narrow klass range: 0x0

GC Precious Log:
 CardTable entry size: 512
 Card Set container configuration: InlinePtr #cards 4 size 8 Array Of Cards #cards 16 size 48 Howl #buckets 8 coarsen threshold 3686 Howl Bitmap #cards 512 size 80 coarsen threshold 460 Card regions per heap region 1 cards per card region 4096

Heap:
 garbage-first heap   total 0K, used 0K [0x0000000701200000, 0x0000000800000000)
  region size 2048K, 0 young (0K), 0 survivors (0K)

[error occurred during error reporting (printing heap information), id 0xc0000005, EXCEPTION_ACCESS_VIOLATION (0xc0000005) at pc=0x00007ffe5b986959]

GC Heap History (0 events):
No events

Dll operation events (1 events):
Event: 0.006 Loaded shared library D:\dev\jdk\jdk-19.0.1\bin\java.dll

Deoptimization events (0 events):
No events

Classes loaded (0 events):
No events

Classes unloaded (0 events):
No events

Classes redefined (0 events):
No events

Internal exceptions (0 events):
No events

VM Operations (0 events):
No events

Events (0 events):
No events


Dynamic libraries:
0x00007ff783b80000 - 0x00007ff783b8e000 	D:\dev\jdk\jdk-19.0.1\bin\java.exe
0x00007ffec48d0000 - 0x00007ffec4ac8000 	C:\WINDOWS\SYSTEM32\ntdll.dll
0x00007ffec3550000 - 0x00007ffec360d000 	C:\WINDOWS\System32\KERNEL32.DLL
0x00007ffec2280000 - 0x00007ffec2576000 	C:\WINDOWS\System32\KERNELBASE.dll
0x00007ffec2020000 - 0x00007ffec2120000 	C:\WINDOWS\System32\ucrtbase.dll
0x00007ffe5f280000 - 0x00007ffe5f297000 	D:\dev\jdk\jdk-19.0.1\bin\jli.dll
0x00007ffe5c050000 - 0x00007ffe5c06b000 	D:\dev\jdk\jdk-19.0.1\bin\VCRUNTIME140.dll
0x00007ffec3120000 - 0x00007ffec32be000 	C:\WINDOWS\System32\USER32.dll
0x00007ffec2670000 - 0x00007ffec2692000 	C:\WINDOWS\System32\win32u.dll
0x00007ffec3470000 - 0x00007ffec349c000 	C:\WINDOWS\System32\GDI32.dll
0x00007ffec2760000 - 0x00007ffec287a000 	C:\WINDOWS\System32\gdi32full.dll
0x00007ffeb6f10000 - 0x00007ffeb71aa000 	C:\WINDOWS\WinSxS\amd64_microsoft.windows.common-controls_6595b64144ccf1df_6.0.19041.3636_none_60b6a03d71f818d5\COMCTL32.dll
0x00007ffec2580000 - 0x00007ffec261d000 	C:\WINDOWS\System32\msvcp_win.dll
0x00007ffec4720000 - 0x00007ffec47be000 	C:\WINDOWS\System32\msvcrt.dll
0x00007ffec36c0000 - 0x00007ffec36f0000 	C:\WINDOWS\System32\IMM32.DLL
0x00007ffea1b70000 - 0x00007ffea1b7c000 	D:\dev\jdk\jdk-19.0.1\bin\vcruntime140_1.dll
0x00007ffe5bf00000 - 0x00007ffe5bf8e000 	D:\dev\jdk\jdk-19.0.1\bin\msvcp140.dll
0x00007ffe5b240000 - 0x00007ffe5bf00000 	D:\dev\jdk\jdk-19.0.1\bin\server\jvm.dll
0x00007ffec3610000 - 0x00007ffec36bf000 	C:\WINDOWS\System32\ADVAPI32.dll
0x00007ffec34b0000 - 0x00007ffec354c000 	C:\WINDOWS\System32\sechost.dll
0x00007ffec44e0000 - 0x00007ffec4606000 	C:\WINDOWS\System32\RPCRT4.dll
0x00007ffea9fa0000 - 0x00007ffea9fa9000 	C:\WINDOWS\SYSTEM32\WSOCK32.dll
0x00007ffeb8cb0000 - 0x00007ffeb8cd7000 	C:\WINDOWS\SYSTEM32\WINMM.dll
0x00007ffec36f0000 - 0x00007ffec375b000 	C:\WINDOWS\System32\WS2_32.dll
0x00007ffebc390000 - 0x00007ffebc39a000 	C:\WINDOWS\SYSTEM32\VERSION.dll
0x00007ffebfe90000 - 0x00007ffebfea2000 	C:\WINDOWS\SYSTEM32\kernel.appcore.dll
0x00007ffe99ee0000 - 0x00007ffe99eea000 	D:\dev\jdk\jdk-19.0.1\bin\jimage.dll
0x00007ffeb7680000 - 0x00007ffeb7864000 	C:\WINDOWS\SYSTEM32\DBGHELP.DLL
0x00007ffea1840000 - 0x00007ffea1874000 	C:\WINDOWS\SYSTEM32\dbgcore.DLL
0x00007ffec26a0000 - 0x00007ffec2722000 	C:\WINDOWS\System32\bcryptPrimitives.dll
0x00007ffe5c020000 - 0x00007ffe5c046000 	D:\dev\jdk\jdk-19.0.1\bin\java.dll

dbghelp: loaded successfully - version: 4.0.5 - missing functions: none
symbol engine: initialized successfully - sym options: 0x614 - pdb path: .;D:\dev\jdk\jdk-19.0.1\bin;C:\WINDOWS\SYSTEM32;C:\WINDOWS\WinSxS\amd64_microsoft.windows.common-controls_6595b64144ccf1df_6.0.19041.3636_none_60b6a03d71f818d5;D:\dev\jdk\jdk-19.0.1\bin\server

VM Arguments:
jvm_args: -Dnet.bytebuddy.agent.attacher.dump= 
java_command: net.bytebuddy.agent.Attacher com.sun.tools.attach.VirtualMachine 12788 e:\Repository\mvn\net\bytebuddy\byte-buddy-agent\1.14.9\byte-buddy-agent-1.14.9.jar false 
java_class_path (initial): E:\Repository\mvn\net\bytebuddy\byte-buddy-agent\1.14.9\byte-buddy-agent-1.14.9.jar
Launcher Type: SUN_STANDARD

[Global flags]
     intx CICompilerCount                          = 4                                         {product} {ergonomic}
     uint ConcGCThreads                            = 2                                         {product} {ergonomic}
     uint G1ConcRefinementThreads                  = 8                                         {product} {ergonomic}
   size_t G1HeapRegionSize                         = 2097152                                   {product} {ergonomic}
    uintx GCDrainStackTargetSize                   = 64                                        {product} {ergonomic}
   size_t InitialHeapSize                          = 268435456                                 {product} {ergonomic}
   size_t MarkStackSize                            = 4194304                                   {product} {ergonomic}
   size_t MaxHeapSize                              = 4276092928                                {product} {ergonomic}
   size_t MinHeapDeltaBytes                        = 2097152                                   {product} {ergonomic}
   size_t MinHeapSize                              = 8388608                                   {product} {ergonomic}
    uintx NonNMethodCodeHeapSize                   = 5839372                                {pd product} {ergonomic}
    uintx NonProfiledCodeHeapSize                  = 122909434                              {pd product} {ergonomic}
    uintx ProfiledCodeHeapSize                     = 122909434                              {pd product} {ergonomic}
    uintx ReservedCodeCacheSize                    = 251658240                              {pd product} {ergonomic}
     bool SegmentedCodeCache                       = true                                      {product} {ergonomic}
   size_t SoftMaxHeapSize                          = 4276092928                             {manageable} {ergonomic}
     bool UseCompressedClassPointers               = true                           {product lp64_product} {ergonomic}
     bool UseCompressedOops                        = true                           {product lp64_product} {ergonomic}
     bool UseG1GC                                  = true                                      {product} {ergonomic}
     bool UseLargePagesIndividualAllocation        = false                                  {pd product} {ergonomic}

Logging:
Log output configuration:
 #0: stdout all=warning uptime,level,tags foldmultilines=false
 #1: stderr all=off uptime,level,tags foldmultilines=false

Environment Variables:
JAVA_HOME=D:\dev\jdk\jdk-19.0.1
PATH=D:\Program Files\VMware\VMware Workstation\bin\;C:\ProgramData\Oracle\Java\javapath;C:\Windows\system32;C:\Windows;C:\Windows\System32\Wbem;C:\Windows\System32\WindowsPowerShell\v1.0\;C:\Program Files (x86)\NVIDIA Corporation\PhysX\Common;C:\WINDOWS\system32;C:\WINDOWS;C:\WINDOWS\System32\Wbem;C:\WINDOWS\System32\WindowsPowerShell\v1.0\;C:\WINDOWS\System32\OpenSSH\;C:\Program Files (x86)\Microsoft SQL Server\100\Tools\Binn\;C:\Program Files\Microsoft SQL Server\100\Tools\Binn\;C:\Program Files\Microsoft SQL Server\100\DTS\Binn\;D:\java\Git\cmd;C:\Program Files\python;C:\Program Files\python\Scripts;D:\dev\maven3.9.5\bin;D:\UPUPW_ANK_W64\Modules\MySQL\bin;D:\java\TortoiseGit\bin;D:\dev\jdk\jdk-19.0.1\bin;D:\java\微信web开发者工具\dll;D:\dev\nodejs\;D:\dev\nodejs\node_global\node_modules;C:\Users\peyton\AppData\Local\Programs\Python\Python38-32\Scripts\;C:\Users\peyton\AppData\Local\Programs\Python\Python38-32\;C:\Users\peyton\AppData\Local\Microsoft\WindowsApps;D:\stock\Wind\Wind.NET.Client\WindNET\bin\;C:\Users\peyton\AppData\Local\GitHubDesktop\bin;D:\java\Microsoft VS Code\bin;C:\Users\peyton\AppData\Roaming\npm
USERNAME=peyton
OS=Windows_NT
PROCESSOR_IDENTIFIER=Intel64 Family 6 Model 94 Stepping 3, GenuineIntel
TMP=C:\Users\peyton\AppData\Local\Temp
TEMP=C:\Users\peyton\AppData\Local\Temp



---------------  S Y S T E M  ---------------

OS:
 Windows 10 , 64 bit Build 19041 (10.0.19041.3636)
OS uptime: 0 days 10:46 hours

CPU: total 8 (initial active 8) (4 cores per cpu, 2 threads per core) family 6 model 94 stepping 3 microcode 0xcc, cx8, cmov, fxsr, ht, mmx, 3dnowpref, sse, sse2, sse3, ssse3, sse4.1, sse4.2, popcnt, lzcnt, tsc, tscinvbit, avx, avx2, aes, erms, clmul, bmi1, bmi2, rtm, adx, fma, vzeroupper, clflush, clflushopt, rdtscp

Memory: 4k page, system-wide physical 16311M (1184M free)
TotalPageFile size 28663M (AvailPageFile size 78M)
current process WorkingSet (physical memory assigned to process): 10M, peak: 10M
current process commit charge ("private bytes"): 60M, peak: 316M

vm_info: OpenJDK 64-Bit Server VM (19.0.1+10-21) for windows-amd64 JRE (19.0.1+10-21), built on 2022-09-14T12:45:06Z by "mach5one" with MS VC++ 17.1 (VS2022)

END.
